\BOOKMARK [0][-]{chapter.1}{\376\377\000W\000h\000a\000t\000\040\000i\000s\000\040\000C\000o\000n\000c\000u\000r\000r\000e\000n\000t\000\040\000P\000r\000o\000g\000r\000a\000m\000m\000i\000n\000g\000?}{}% 1
\BOOKMARK [0][-]{chapter.2}{\376\377\000W\000h\000o\000\040\000T\000h\000i\000s\000\040\000G\000u\000i\000d\000e\000\040\000I\000s\000\040\000F\000o\000r}{}% 2
\BOOKMARK [0][-]{chapter.3}{\376\377\000P\000r\000e\000r\000e\000q\000u\000i\000s\000i\000t\000e\000s}{}% 3
\BOOKMARK [0][-]{chapter.4}{\376\377\000G\000e\000t\000t\000i\000n\000g\000\040\000S\000t\000a\000r\000t\000e\000d}{}% 4
\BOOKMARK [0][-]{chapter.5}{\376\377\000D\000o\000c\000u\000m\000e\000n\000t\000a\000t\000i\000o\000n\000\040\000S\000t\000r\000u\000c\000t\000u\000r\000e}{}% 5
\BOOKMARK [1][-]{section.5.1}{\376\377\000K\000e\000y\000\040\000C\000o\000n\000c\000e\000p\000t\000s\000\040\000i\000n\000\040\000C\000o\000n\000c\000u\000r\000r\000e\000n\000t\000\040\000P\000r\000o\000g\000r\000a\000m\000m\000i\000n\000g}{chapter.5}% 6
\BOOKMARK [2][-]{subsection.5.1.1}{\376\377\000T\000a\000b\000l\000e\000\040\000o\000f\000\040\000C\000o\000n\000t\000e\000n\000t\000s}{section.5.1}% 7
\BOOKMARK [2][-]{subsection.5.1.2}{\376\377\000C\000o\000n\000c\000u\000r\000r\000e\000n\000c\000y\000\040\000v\000s\000\040\000P\000a\000r\000a\000l\000l\000e\000l\000i\000s\000m}{section.5.1}% 8
\BOOKMARK [3][-]{subsubsection*.3}{\376\377\000C\000o\000n\000c\000u\000r\000r\000e\000n\000c\000y}{subsection.5.1.2}% 9
\BOOKMARK [3][-]{subsubsection*.4}{\376\377\000P\000a\000r\000a\000l\000l\000e\000l\000i\000s\000m}{subsection.5.1.2}% 10
\BOOKMARK [3][-]{subsubsection*.5}{\376\377\000V\000i\000s\000u\000a\000l\000\040\000C\000o\000m\000p\000a\000r\000i\000s\000o\000n}{subsection.5.1.2}% 11
\BOOKMARK [2][-]{subsection.5.1.3}{\376\377\000T\000h\000r\000e\000a\000d\000i\000n\000g\000\040\000v\000s\000\040\000M\000u\000l\000t\000i\000p\000r\000o\000c\000e\000s\000s\000i\000n\000g}{section.5.1}% 12
\BOOKMARK [3][-]{subsubsection*.6}{\376\377\000T\000h\000r\000e\000a\000d\000i\000n\000g\000\040\000\050\000c\000o\000n\000c\000u\000r\000r\000e\000n\000t\000.\000f\000u\000t\000u\000r\000e\000s\000.\000T\000h\000r\000e\000a\000d\000P\000o\000o\000l\000E\000x\000e\000c\000u\000t\000o\000r\000\051}{subsection.5.1.3}% 13
\BOOKMARK [3][-]{subsubsection*.7}{\376\377\000M\000u\000l\000t\000i\000p\000r\000o\000c\000e\000s\000s\000i\000n\000g\000\040\000\050\000c\000o\000n\000c\000u\000r\000r\000e\000n\000t\000.\000f\000u\000t\000u\000r\000e\000s\000.\000P\000r\000o\000c\000e\000s\000s\000P\000o\000o\000l\000E\000x\000e\000c\000u\000t\000o\000r\000\051}{subsection.5.1.3}% 14
\BOOKMARK [3][-]{subsubsection*.8}{\376\377\000W\000h\000e\000n\000\040\000t\000o\000\040\000U\000s\000e\000\040\000W\000h\000a\000t}{subsection.5.1.3}% 15
\BOOKMARK [2][-]{subsection.5.1.4}{\376\377\000T\000h\000e\000\040\000G\000l\000o\000b\000a\000l\000\040\000I\000n\000t\000e\000r\000p\000r\000e\000t\000e\000r\000\040\000L\000o\000c\000k\000\040\000\050\000G\000I\000L\000\051}{section.5.1}% 16
\BOOKMARK [3][-]{subsubsection*.9}{\376\377\000W\000h\000a\000t\000\040\000i\000s\000\040\000t\000h\000e\000\040\000G\000I\000L\000?}{subsection.5.1.4}% 17
\BOOKMARK [3][-]{subsubsection*.10}{\376\377\000K\000e\000y\000\040\000P\000o\000i\000n\000t\000s\000:}{subsection.5.1.4}% 18
\BOOKMARK [3][-]{subsubsection*.11}{\376\377\000I\000m\000p\000a\000c\000t\000\040\000o\000n\000\040\000P\000e\000r\000f\000o\000r\000m\000a\000n\000c\000e\000:}{subsection.5.1.4}% 19
\BOOKMARK [1][-]{section.5.2}{\376\377\000W\000i\000t\000h\000\040\000G\000I\000L\000,\000\040\000t\000h\000r\000e\000a\000d\000s\000\040\000d\000o\000n\040\031\000t\000\040\000h\000e\000l\000p\000\040\000C\000P\000U\000-\000b\000o\000u\000n\000d\000\040\000t\000a\000s\000k\000s\000:}{chapter.5}% 20
\BOOKMARK [1][-]{section.5.3}{\376\377\000G\000I\000L\000\040\000i\000s\000\040\000r\000e\000l\000e\000a\000s\000e\000d\000\040\000d\000u\000r\000i\000n\000g\000\040\000I\000/\000O\000,\000\040\000s\000o\000\040\000t\000h\000r\000e\000a\000d\000i\000n\000g\000\040\000h\000e\000l\000p\000s\000:}{chapter.5}% 21
\BOOKMARK [2][-]{subsection.5.3.1}{\376\377\000A\000s\000y\000n\000c\000i\000o\000\040\000a\000n\000d\000\040\000E\000v\000e\000n\000t\000\040\000L\000o\000o\000p\000s}{section.5.3}% 22
\BOOKMARK [3][-]{subsubsection*.12}{\376\377\000E\000v\000e\000n\000t\000\040\000L\000o\000o\000p}{subsection.5.3.1}% 23
\BOOKMARK [3][-]{subsubsection*.13}{\376\377\000H\000o\000w\000\040\000I\000t\000\040\000W\000o\000r\000k\000s\000\040\000\050\000f\000r\000o\000m\000\040\000s\000c\000r\000i\000p\000t\000\040\0000\0007\000\051\000:}{subsection.5.3.1}% 24
\BOOKMARK [3][-]{subsubsection*.14}{\376\377\000E\000v\000e\000n\000t\000\040\000L\000o\000o\000p\000\040\000L\000i\000f\000e\000c\000y\000c\000l\000e\000:}{subsection.5.3.1}% 25
\BOOKMARK [3][-]{subsubsection*.15}{\376\377\000M\000o\000d\000e\000r\000n\000\040\000v\000s\000\040\000O\000l\000d\000\040\000P\000a\000t\000t\000e\000r\000n\000s\000:}{subsection.5.3.1}% 26
\BOOKMARK [2][-]{subsection.5.3.2}{\376\377\000C\000o\000r\000o\000u\000t\000i\000n\000e\000s}{section.5.3}% 27
\BOOKMARK [3][-]{subsubsection*.16}{\376\377\000W\000h\000a\000t\000\040\000a\000r\000e\000\040\000C\000o\000r\000o\000u\000t\000i\000n\000e\000s\000?}{subsection.5.3.2}% 28
\BOOKMARK [3][-]{subsubsection*.17}{\376\377\000D\000e\000f\000i\000n\000i\000n\000g\000\040\000C\000o\000r\000o\000u\000t\000i\000n\000e\000s\000:}{subsection.5.3.2}% 29
\BOOKMARK [3][-]{subsubsection*.18}{\376\377\000K\000e\000y\000\040\000F\000e\000a\000t\000u\000r\000e\000s\000:}{subsection.5.3.2}% 30
\BOOKMARK [3][-]{subsubsection*.19}{\376\377\000E\000x\000a\000m\000p\000l\000e\000\040\000f\000r\000o\000m\000\040\000S\000c\000r\000i\000p\000t\000\040\0000\0008\000:}{subsection.5.3.2}% 31
\BOOKMARK [3][-]{subsubsection*.20}{\376\377\000E\000x\000e\000c\000u\000t\000i\000o\000n\000\040\000F\000l\000o\000w\000:}{subsection.5.3.2}% 32
\BOOKMARK [3][-]{subsubsection*.21}{\376\377\000I\000m\000p\000o\000r\000t\000a\000n\000t\000\040\000R\000u\000l\000e\000s\000:}{subsection.5.3.2}% 33
\BOOKMARK [2][-]{subsection.5.3.3}{\376\377\000T\000a\000s\000k\000s\000\040\000a\000n\000d\000\040\000F\000u\000t\000u\000r\000e\000s}{section.5.3}% 34
\BOOKMARK [3][-]{subsubsection*.22}{\376\377\000T\000a\000s\000k\000s}{subsection.5.3.3}% 35
\BOOKMARK [3][-]{subsubsection*.23}{\376\377\000T\000a\000s\000k\000\040\000C\000h\000a\000r\000a\000c\000t\000e\000r\000i\000s\000t\000i\000c\000s\000:}{subsection.5.3.3}% 36
\BOOKMARK [3][-]{subsubsection*.24}{\376\377\000E\000x\000a\000m\000p\000l\000e\000\040\000f\000r\000o\000m\000\040\000S\000c\000r\000i\000p\000t\000\040\0000\0009\000:}{subsection.5.3.3}% 37
\BOOKMARK [3][-]{subsubsection*.25}{\376\377\000F\000u\000t\000u\000r\000e\000s}{subsection.5.3.3}% 38
\BOOKMARK [3][-]{subsubsection*.26}{\376\377\000W\000a\000i\000t\000i\000n\000g\000\040\000f\000o\000r\000\040\000M\000u\000l\000t\000i\000p\000l\000e\000\040\000T\000a\000s\000k\000s\000:}{subsection.5.3.3}% 39
\BOOKMARK [2][-]{subsection.5.3.4}{\376\377\000C\000P\000U\000-\000b\000o\000u\000n\000d\000\040\000v\000s\000\040\000I\000/\000O\000-\000b\000o\000u\000n\000d\000\040\000O\000p\000e\000r\000a\000t\000i\000o\000n\000s}{section.5.3}% 40
\BOOKMARK [3][-]{subsubsection*.27}{\376\377\000C\000P\000U\000-\000b\000o\000u\000n\000d\000\040\000O\000p\000e\000r\000a\000t\000i\000o\000n\000s}{subsection.5.3.4}% 41
\BOOKMARK [1][-]{section.5.4}{\376\377\000U\000s\000e\000\040\000P\000r\000o\000c\000e\000s\000s\000P\000o\000o\000l\000E\000x\000e\000c\000u\000t\000o\000r\000\040\000f\000o\000r\000\040\000C\000P\000U\000-\000b\000o\000u\000n\000d\000\040\000t\000a\000s\000k\000s}{chapter.5}% 42
\BOOKMARK [1][-]{section.5.5}{\376\377\000C\000o\000m\000b\000i\000n\000e\000\040\000a\000p\000p\000r\000o\000a\000c\000h\000e\000s\000:}{chapter.5}% 43
\BOOKMARK [2][-]{subsection.5.5.1}{\376\377\000P\000y\000t\000h\000o\000n\000\040\0003\000.\0001\0002\000\040\000M\000i\000g\000r\000a\000t\000i\000o\000n\000\040\000C\000h\000a\000n\000g\000e\000s}{section.5.5}% 44
\BOOKMARK [3][-]{subsubsection*.28}{\376\377\0001\000.\000\040\000T\000i\000m\000e\000\040\000M\000e\000a\000s\000u\000r\000e\000m\000e\000n\000t\000\040\000\050\000t\000i\000m\000e\000.\000c\000l\000o\000c\000k\000\050\000\051\000\040\000-\000>\000\040\000t\000i\000m\000e\000.\000p\000e\000r\000f\000\137\000c\000o\000u\000n\000t\000e\000r\000\050\000\051\000\051}{subsection.5.5.1}% 45
\BOOKMARK [3][-]{subsubsection*.29}{\376\377\0002\000.\000\040\000C\000o\000r\000o\000u\000t\000i\000n\000e\000\040\000S\000y\000n\000t\000a\000x\000\040\000\050\000@\000a\000s\000y\000n\000c\000i\000o\000.\000c\000o\000r\000o\000u\000t\000i\000n\000e\000\040\000-\000>\000\040\000a\000s\000y\000n\000c\000\040\000d\000e\000f\000\051}{subsection.5.5.1}% 46
\BOOKMARK [3][-]{subsubsection*.30}{\376\377\0003\000.\000\040\000T\000a\000s\000k\000\040\000C\000r\000e\000a\000t\000i\000o\000n\000\040\000\050\000a\000s\000y\000n\000c\000i\000o\000.\000T\000a\000s\000k\000\050\000\051\000\040\000-\000>\000\040\000a\000s\000y\000n\000c\000i\000o\000.\000c\000r\000e\000a\000t\000e\000\137\000t\000a\000s\000k\000\050\000\051\000\051}{subsection.5.5.1}% 47
\BOOKMARK [3][-]{subsubsection*.31}{\376\377\0004\000.\000\040\000E\000v\000e\000n\000t\000\040\000L\000o\000o\000p\000\040\000M\000a\000n\000a\000g\000e\000m\000e\000n\000t}{subsection.5.5.1}% 48
\BOOKMARK [3][-]{subsubsection*.32}{\376\377\0005\000.\000\040\000F\000u\000t\000u\000r\000e\000\040\000C\000a\000l\000l\000b\000a\000c\000k\000s\000\040\000\050\000C\000a\000l\000l\000b\000a\000c\000k\000s\000\040\000-\000>\000\040\000a\000w\000a\000i\000t\000\051}{subsection.5.5.1}% 49
\BOOKMARK [3][-]{subsubsection*.33}{\376\377\0006\000.\000\040\000B\000l\000o\000c\000k\000i\000n\000g\000\040\000C\000a\000l\000l\000s\000\040\000i\000n\000\040\000A\000s\000y\000n\000c\000\040\000C\000o\000d\000e}{subsection.5.5.1}% 50
\BOOKMARK [3][-]{subsubsection*.34}{\376\377\0007\000.\000\040\000S\000t\000r\000i\000n\000g\000\040\000F\000o\000r\000m\000a\000t\000t\000i\000n\000g\000\040\000\050\000\045\000\040\000-\000>\000\040\000f\000-\000s\000t\000r\000i\000n\000g\000s\000\051}{subsection.5.5.1}% 51
\BOOKMARK [3][-]{subsubsection*.35}{\376\377\000M\000i\000g\000r\000a\000t\000i\000o\000n\000\040\000C\000h\000e\000c\000k\000l\000i\000s\000t}{subsection.5.5.1}% 52
\BOOKMARK [3][-]{subsubsection*.36}{\376\377\000C\000o\000m\000p\000a\000t\000i\000b\000i\000l\000i\000t\000y}{subsection.5.5.1}% 53
\BOOKMARK [2][-]{subsection.5.5.2}{\376\377\000S\000u\000m\000m\000a\000r\000y}{section.5.5}% 54
\BOOKMARK [3][-]{subsubsection*.37}{\376\377\000Q\000u\000i\000c\000k\000\040\000R\000e\000f\000e\000r\000e\000n\000c\000e\000\040\000G\000u\000i\000d\000e}{subsection.5.5.2}% 55
\BOOKMARK [3][-]{subsubsection*.38}{\376\377\000K\000e\000y\000\040\000T\000a\000k\000e\000a\000w\000a\000y\000s}{subsection.5.5.2}% 56
\BOOKMARK [3][-]{subsubsection*.39}{\376\377\000F\000u\000r\000t\000h\000e\000r\000\040\000R\000e\000a\000d\000i\000n\000g}{subsection.5.5.2}% 57
\BOOKMARK [1][-]{section.5.6}{\376\377\000H\000a\000r\000d\000w\000a\000r\000e\000\040\000P\000a\000r\000a\000l\000l\000e\000l\000i\000s\000m\000:\000\040\000C\000o\000r\000e\000s\000,\000\040\000H\000y\000p\000e\000r\000t\000h\000r\000e\000a\000d\000i\000n\000g\000,\000\040\000a\000n\000d\000\040\000G\000P\000U\000s}{chapter.5}% 58
\BOOKMARK [2][-]{subsection.5.6.1}{\376\377\000T\000a\000b\000l\000e\000\040\000o\000f\000\040\000C\000o\000n\000t\000e\000n\000t\000s}{section.5.6}% 59
\BOOKMARK [2][-]{subsection.5.6.2}{\376\377\000P\000h\000y\000s\000i\000c\000a\000l\000\040\000C\000o\000r\000e\000s\000\040\000v\000s\000\040\000L\000o\000g\000i\000c\000a\000l\000\040\000C\000o\000r\000e\000s}{section.5.6}% 60
\BOOKMARK [3][-]{subsubsection*.40}{\376\377\000P\000h\000y\000s\000i\000c\000a\000l\000\040\000C\000o\000r\000e\000s}{subsection.5.6.2}% 61
\BOOKMARK [3][-]{subsubsection*.41}{\376\377\000L\000o\000g\000i\000c\000a\000l\000\040\000C\000o\000r\000e\000s}{subsection.5.6.2}% 62
\BOOKMARK [1][-]{section.5.7}{\376\377\000C\000h\000e\000c\000k\000\040\000o\000n\000\040\000y\000o\000u\000r\000\040\000s\000y\000s\000t\000e\000m}{chapter.5}% 63
\BOOKMARK [2][-]{subsection.5.7.1}{\376\377\000W\000h\000a\000t\000\040\000i\000s\000\040\000H\000y\000p\000e\000r\000t\000h\000r\000e\000a\000d\000i\000n\000g\000?}{section.5.7}% 64
\BOOKMARK [3][-]{subsubsection*.42}{\376\377\000T\000h\000e\000\040\000C\000o\000n\000c\000e\000p\000t}{subsection.5.7.1}% 65
\BOOKMARK [3][-]{subsubsection*.43}{\376\377\000H\000o\000w\000\040\000I\000t\000\040\000W\000o\000r\000k\000s}{subsection.5.7.1}% 66
\BOOKMARK [3][-]{subsubsection*.44}{\376\377\000T\000e\000c\000h\000n\000i\000c\000a\000l\000\040\000I\000m\000p\000l\000e\000m\000e\000n\000t\000a\000t\000i\000o\000n}{subsection.5.7.1}% 67
\BOOKMARK [3][-]{subsubsection*.45}{\376\377\000P\000e\000r\000f\000o\000r\000m\000a\000n\000c\000e\000\040\000C\000h\000a\000r\000a\000c\000t\000e\000r\000i\000s\000t\000i\000c\000s}{subsection.5.7.1}% 68
\BOOKMARK [3][-]{subsubsection*.46}{\376\377\000H\000y\000p\000e\000r\000t\000h\000r\000e\000a\000d\000i\000n\000g\000\040\000L\000i\000m\000i\000t\000a\000t\000i\000o\000n\000s}{subsection.5.7.1}% 69
\BOOKMARK [3][-]{subsubsection*.47}{\376\377\000C\000h\000e\000c\000k\000i\000n\000g\000\040\000H\000y\000p\000e\000r\000t\000h\000r\000e\000a\000d\000i\000n\000g\000\040\000S\000t\000a\000t\000u\000s}{subsection.5.7.1}% 70
\BOOKMARK [1][-]{section.5.8}{\376\377\000C\000h\000e\000c\000k\000\040\000i\000f\000\040\000H\000T\000\040\000i\000s\000\040\000e\000n\000a\000b\000l\000e\000d}{chapter.5}% 71
\BOOKMARK [1][-]{section.5.9}{\376\377\000O\000r\000\040\000c\000h\000e\000c\000k\000\040\000C\000P\000U\000\040\000i\000n\000f\000o}{chapter.5}% 72
\BOOKMARK [1][-]{section.5.10}{\376\377\000L\000o\000g\000i\000c\000a\000l\000\040\000c\000o\000r\000e\000s}{chapter.5}% 73
\BOOKMARK [1][-]{section.5.11}{\376\377\000P\000h\000y\000s\000i\000c\000a\000l\000\040\000c\000o\000r\000e\000s}{chapter.5}% 74
\BOOKMARK [1][-]{section.5.12}{\376\377\000I\000f\000\040\000l\000o\000g\000i\000c\000a\000l\000\040\000>\000\040\000p\000h\000y\000s\000i\000c\000a\000l\000,\000\040\000H\000T\000\040\000i\000s\000\040\000e\000n\000a\000b\000l\000e\000d}{chapter.5}% 75
\BOOKMARK [1][-]{section.5.13}{\376\377\000P\000l\000a\000t\000f\000o\000r\000m\000-\000s\000p\000e\000c\000i\000f\000i\000c\000\040\000p\000h\000y\000s\000i\000c\000a\000l\000\040\000c\000o\000r\000e\000\040\000d\000e\000t\000e\000c\000t\000i\000o\000n}{chapter.5}% 76
\BOOKMARK [2][-]{subsection.5.13.1}{\376\377\000H\000o\000w\000\040\000T\000h\000r\000e\000a\000d\000i\000n\000g\000\040\000i\000s\000\040\000B\000o\000u\000n\000d\000e\000d\000\040\000b\000y\000\040\000P\000h\000y\000s\000i\000c\000a\000l\000\040\000C\000o\000r\000e\000s}{section.5.13}% 77
\BOOKMARK [3][-]{subsubsection*.48}{\376\377\000T\000h\000e\000\040\000F\000u\000n\000d\000a\000m\000e\000n\000t\000a\000l\000\040\000C\000o\000n\000s\000t\000r\000a\000i\000n\000t}{subsection.5.13.1}% 78
\BOOKMARK [3][-]{subsubsection*.49}{\376\377\000W\000h\000y\000\040\000M\000o\000r\000e\000\040\000T\000h\000r\000e\000a\000d\000s\000\040\000!\000=\000\040\000M\000o\000r\000e\000\040\000S\000p\000e\000e\000d}{subsection.5.13.1}% 79
\BOOKMARK [1][-]{section.5.14}{\376\377\000B\000e\000n\000c\000h\000m\000a\000r\000k\000:\000\040\000C\000o\000m\000p\000u\000t\000i\000n\000g\000\040\000s\000u\000m\000\040\000o\000f\000\040\000s\000q\000u\000a\000r\000e\000s}{chapter.5}% 80
\BOOKMARK [1][-]{section.5.15}{\376\377\000R\000e\000s\000u\000l\000t\000s\000\040\000o\000n\000\040\0004\000-\000c\000o\000r\000e\000\040\000C\000P\000U\000:}{chapter.5}% 81
\BOOKMARK [1][-]{section.5.16}{\376\377\0001\000\040\000w\000o\000r\000k\000e\000r\000:\000\040\0001\0000\000.\0000\000s\000\040\000\050\000b\000a\000s\000e\000l\000i\000n\000e\000\051}{chapter.5}% 82
\BOOKMARK [1][-]{section.5.17}{\376\377\0002\000\040\000w\000o\000r\000k\000e\000r\000s\000:\000\040\0005\000.\0001\000s\000\040\000\050\0001\000.\0009\0006\000x\000\040\000s\000p\000e\000e\000d\000u\000p\000\051\000\040\000[\000[\000O\000K\000]\000]}{chapter.5}% 83
\BOOKMARK [1][-]{section.5.18}{\376\377\0004\000\040\000w\000o\000r\000k\000e\000r\000s\000:\000\040\0002\000.\0006\000s\000\040\000\050\0003\000.\0008\0005\000x\000\040\000s\000p\000e\000e\000d\000u\000p\000\051\000\040\000[\000[\000O\000K\000]\000]}{chapter.5}% 84
\BOOKMARK [1][-]{section.5.19}{\376\377\0008\000\040\000w\000o\000r\000k\000e\000r\000s\000:\000\040\0002\000.\0008\000s\000\040\000\050\0003\000.\0005\0007\000x\000\040\000s\000p\000e\000e\000d\000u\000p\000\051\000\040\000[\000w\000a\000r\000n\000i\000n\000g\000]\000\040\000\050\000w\000o\000r\000s\000e\000\040\000t\000h\000a\000n\000\040\0004\000!\000\051}{chapter.5}% 85
\BOOKMARK [1][-]{section.5.20}{\376\377\0001\0006\000\040\000w\000o\000r\000k\000e\000r\000s\000:\000\040\0003\000.\0002\000s\000\040\000\050\0003\000.\0001\0003\000x\000\040\000s\000p\000e\000e\000d\000u\000p\000\051\000\040\000[\000[\000F\000A\000I\000L\000]\000]\000\040\000\050\000m\000u\000c\000h\000\040\000w\000o\000r\000s\000e\000!\000\051}{chapter.5}% 86
\BOOKMARK [1][-]{section.5.21}{\376\377\000B\000e\000s\000t\000\040\000p\000r\000a\000c\000t\000i\000c\000e\000:}{chapter.5}% 87
\BOOKMARK [1][-]{section.5.22}{\376\377\000C\000o\000n\000s\000e\000r\000v\000a\000t\000i\000v\000e\000\040\000\050\000r\000e\000c\000o\000m\000m\000e\000n\000d\000e\000d\000\040\000f\000o\000r\000\040\000p\000r\000o\000d\000u\000c\000t\000i\000o\000n\000\051\000:}{chapter.5}% 88
\BOOKMARK [1][-]{section.5.23}{\376\377\000O\000r\000\040\000d\000e\000t\000e\000c\000t\000\040\000a\000c\000t\000u\000a\000l\000\040\000p\000h\000y\000s\000i\000c\000a\000l\000\040\000c\000o\000r\000e\000s\000:}{chapter.5}% 89
\BOOKMARK [1][-]{section.5.24}{\376\377\000M\000a\000t\000r\000i\000x\000\040\000m\000u\000l\000t\000i\000p\000l\000i\000c\000a\000t\000i\000o\000n\000\040\000\050\000C\000P\000U\000-\000i\000n\000t\000e\000n\000s\000i\000v\000e\000\051}{chapter.5}% 90
\BOOKMARK [1][-]{section.5.25}{\376\377\000T\000e\000s\000t\000\040\000o\000n\000\040\0004\000-\000c\000o\000r\000e\000\040\000C\000P\000U\000:}{chapter.5}% 91
\BOOKMARK [1][-]{section.5.26}{\376\377\000T\000y\000p\000i\000c\000a\000l\000\040\000o\000u\000t\000p\000u\000t\000:}{chapter.5}% 92
\BOOKMARK [1][-]{section.5.27}{\376\377\000W\000o\000r\000k\000e\000r\000s\000\040\000|\000\040\000T\000i\000m\000e\000\040\000|\000\040\000S\000p\000e\000e\000d\000u\000p\000\040\000|\000\040\000E\000f\000f\000i\000c\000i\000e\000n\000c\000y}{chapter.5}% 93
\BOOKMARK [1][-]{section.5.28}{\376\377\040\024\040\024\040\023\000r\000e\000d\000|\000-\000-\000-\000-\000-\000-\000-\000|\040\024\040\024\040\024\000r\000e\000d\000|\040\024\040\024\040\024\040\024}{chapter.5}% 94
\BOOKMARK [2][-]{subsection.5.28.1}{\376\377\000W\000h\000y\000\040\000G\000P\000U\000s\000\040\000E\000x\000c\000e\000l\000\040\000a\000t\000\040\000P\000a\000r\000a\000l\000l\000e\000l\000\040\000C\000o\000m\000p\000u\000t\000i\000n\000g}{section.5.28}% 95
\BOOKMARK [3][-]{subsubsection*.50}{\376\377\000C\000P\000U\000\040\000v\000s\000\040\000G\000P\000U\000:\000\040\000D\000i\000f\000f\000e\000r\000e\000n\000t\000\040\000D\000e\000s\000i\000g\000n\000\040\000P\000h\000i\000l\000o\000s\000o\000p\000h\000i\000e\000s}{subsection.5.28.1}% 96
\BOOKMARK [3][-]{subsubsection*.51}{\376\377\000K\000e\000y\000\040\000D\000i\000f\000f\000e\000r\000e\000n\000c\000e\000s}{subsection.5.28.1}% 97
\BOOKMARK [3][-]{subsubsection*.52}{\376\377\000S\000I\000M\000D\000\040\000a\000n\000d\000\040\000G\000P\000U\000\040\000A\000r\000c\000h\000i\000t\000e\000c\000t\000u\000r\000e}{subsection.5.28.1}% 98
\BOOKMARK [3][-]{subsubsection*.53}{\376\377\000W\000h\000y\000\040\000G\000P\000U\000s\000\040\000E\000x\000c\000e\000l\000\040\000a\000t\000\040\000C\000o\000m\000p\000u\000t\000e\000-\000I\000n\000t\000e\000n\000s\000i\000v\000e\000\040\000T\000a\000s\000k\000s}{subsection.5.28.1}% 99
\BOOKMARK [4][-]{paragraph*.54}{\376\377\0001\000.\000\040\000M\000a\000s\000s\000i\000v\000e\000\040\000P\000a\000r\000a\000l\000l\000e\000l\000i\000s\000m}{subsubsection*.53}% 100
\BOOKMARK [1][-]{section.5.29}{\376\377\000C\000P\000U\000\040\000a\000p\000p\000r\000o\000a\000c\000h\000\040\000\050\0004\000\040\000c\000o\000r\000e\000s\000\051\000:}{chapter.5}% 101
\BOOKMARK [1][-]{section.5.30}{\376\377\000S\000p\000l\000i\000t\000\040\000i\000n\000t\000o\000\040\0004\000\040\000c\000h\000u\000n\000k\000s\000\040\000o\000f\000\040\0002\0005\0000\000,\0000\0000\0000\000\040\000e\000a\000c\000h}{chapter.5}% 102
\BOOKMARK [1][-]{section.5.31}{\376\377\000E\000a\000c\000h\000\040\000c\000o\000r\000e\000\040\000p\000r\000o\000c\000e\000s\000s\000e\000s\000\040\0002\0005\0000\000,\0000\0000\0000\000\040\000a\000d\000d\000i\000t\000i\000o\000n\000s\000\040\000s\000e\000q\000u\000e\000n\000t\000i\000a\000l\000l\000y}{chapter.5}% 103
\BOOKMARK [1][-]{section.5.32}{\376\377\000G\000P\000U\000\040\000a\000p\000p\000r\000o\000a\000c\000h\000\040\000\050\0001\0006\000,\0003\0008\0004\000\040\000c\000o\000r\000e\000s\000\051\000:}{chapter.5}% 104
\BOOKMARK [1][-]{section.5.33}{\376\377\000S\000p\000l\000i\000t\000\040\000i\000n\000t\000o\000\040\0001\0006\000,\0003\0008\0004\000\040\000c\000h\000u\000n\000k\000s\000\040\000o\000f\000\040\000\176\0006\0001\000\040\000e\000a\000c\000h}{chapter.5}% 105
\BOOKMARK [1][-]{section.5.34}{\376\377\000E\000a\000c\000h\000\040\000c\000o\000r\000e\000\040\000p\000r\000o\000c\000e\000s\000s\000e\000s\000\040\000\176\0006\0001\000\040\000a\000d\000d\000i\000t\000i\000o\000n\000s}{chapter.5}% 106
\BOOKMARK [2][-]{subsection.5.34.1}{\376\377\000C\000P\000U\000\040\000v\000s\000\040\000G\000P\000U\000\040\000A\000r\000c\000h\000i\000t\000e\000c\000t\000u\000r\000e}{section.5.34}% 107
\BOOKMARK [3][-]{subsubsection*.55}{\376\377\000S\000i\000l\000i\000c\000o\000n\000\040\000R\000e\000a\000l\000\040\000E\000s\000t\000a\000t\000e\000\040\000C\000o\000m\000p\000a\000r\000i\000s\000o\000n}{subsection.5.34.1}% 108
\BOOKMARK [3][-]{subsubsection*.56}{\376\377\000P\000e\000r\000f\000o\000r\000m\000a\000n\000c\000e\000\040\000C\000o\000m\000p\000a\000r\000i\000s\000o\000n}{subsection.5.34.1}% 109
\BOOKMARK [1][-]{section.5.35}{\376\377\000G\000e\000n\000e\000r\000a\000t\000e\000\040\000r\000a\000n\000d\000o\000m\000\040\000m\000a\000t\000r\000i\000c\000e\000s}{chapter.5}% 110
\BOOKMARK [1][-]{section.5.36}{\376\377\000C\000P\000U\000\040\000\050\000N\000u\000m\000P\000y\000\040\000w\000i\000t\000h\000\040\000o\000p\000t\000i\000m\000i\000z\000e\000d\000\040\000B\000L\000A\000S\000\051}{chapter.5}% 111
\BOOKMARK [1][-]{section.5.37}{\376\377\000G\000P\000U\000\040\000\050\000u\000s\000i\000n\000g\000\040\000C\000u\000P\000y\000\040\000-\000\040\000C\000U\000D\000A\000\040\000a\000r\000r\000a\000y\000s\000\051}{chapter.5}% 112
\BOOKMARK [1][-]{section.5.38}{\376\377\000T\000y\000p\000i\000c\000a\000l\000\040\000r\000e\000s\000u\000l\000t\000s\000:}{chapter.5}% 113
\BOOKMARK [1][-]{section.5.39}{\376\377\000C\000P\000U\000\040\000t\000i\000m\000e\000:\000\040\0000\000.\0008\0005\0000\000s\000\040\000\050\000I\000n\000t\000e\000l\000\040\000i\0009\000,\000\040\0008\000\040\000c\000o\000r\000e\000s\000\051}{chapter.5}% 114
\BOOKMARK [1][-]{section.5.40}{\376\377\000G\000P\000U\000\040\000t\000i\000m\000e\000:\000\040\0000\000.\0000\0001\0002\000s\000\040\000\050\000N\000V\000I\000D\000I\000A\000\040\000R\000T\000X\000\040\0004\0000\0009\0000\000\051}{chapter.5}% 115
\BOOKMARK [1][-]{section.5.41}{\376\377\000S\000p\000e\000e\000d\000u\000p\000:\000\040\0007\0000\000.\0008\000x}{chapter.5}% 116
\BOOKMARK [2][-]{subsection.5.41.1}{\376\377\000W\000h\000e\000n\000\040\000t\000o\000\040\000U\000s\000e\000\040\000W\000h\000a\000t}{section.5.41}% 117
\BOOKMARK [3][-]{subsubsection*.57}{\376\377\000D\000e\000c\000i\000s\000i\000o\000n\000\040\000M\000a\000t\000r\000i\000x}{subsection.5.41.1}% 118
\BOOKMARK [3][-]{subsubsection*.58}{\376\377\000P\000r\000a\000c\000t\000i\000c\000a\000l\000\040\000G\000u\000i\000d\000e\000l\000i\000n\000e\000s}{subsection.5.41.1}% 119
\BOOKMARK [4][-]{paragraph*.59}{\376\377\000U\000s\000e\000\040\000C\000P\000U\000\040\000W\000h\000e\000n\000:}{subsubsection*.58}% 120
\BOOKMARK [4][-]{paragraph*.60}{\376\377\000U\000s\000e\000\040\000G\000P\000U\000\040\000W\000h\000e\000n\000:}{subsubsection*.58}% 121
\BOOKMARK [4][-]{paragraph*.61}{\376\377\000U\000s\000e\000\040\000H\000y\000p\000e\000r\000t\000h\000r\000e\000a\000d\000i\000n\000g\000\040\000W\000h\000e\000n\000:}{subsubsection*.58}% 122
\BOOKMARK [2][-]{subsection.5.41.2}{\376\377\000P\000r\000a\000c\000t\000i\000c\000a\000l\000\040\000E\000x\000a\000m\000p\000l\000e\000s}{section.5.41}% 123
\BOOKMARK [3][-]{subsubsection*.62}{\376\377\000E\000x\000a\000m\000p\000l\000e\000\040\0001\000:\000\040\000I\000m\000a\000g\000e\000\040\000P\000r\000o\000c\000e\000s\000s\000i\000n\000g}{subsection.5.41.2}% 124
\BOOKMARK [1][-]{section.5.42}{\376\377\000T\000a\000s\000k\000:\000\040\000A\000p\000p\000l\000y\000\040\000G\000a\000u\000s\000s\000i\000a\000n\000\040\000b\000l\000u\000r\000\040\000t\000o\000\040\0001\0000\0000\000\040\000i\000m\000a\000g\000e\000s\000\040\000\050\0004\000K\000\040\000r\000e\000s\000o\000l\000u\000t\000i\000o\000n\000\051}{chapter.5}% 125
\BOOKMARK [1][-]{section.5.43}{\376\377\000A\000p\000p\000r\000o\000a\000c\000h\000\040\0001\000:\000\040\000S\000e\000q\000u\000e\000n\000t\000i\000a\000l\000\040\000\050\000C\000P\000U\000,\000\040\0001\000\040\000c\000o\000r\000e\000\051}{chapter.5}% 126
\BOOKMARK [1][-]{section.5.44}{\376\377\000T\000i\000m\000e\000:\000\040\000\176\0003\0000\0000\000\040\000s\000e\000c\000o\000n\000d\000s}{chapter.5}% 127
\BOOKMARK [1][-]{section.5.45}{\376\377\000A\000p\000p\000r\000o\000a\000c\000h\000\040\0002\000:\000\040\000C\000P\000U\000\040\000M\000u\000l\000t\000i\000p\000r\000o\000c\000e\000s\000s\000i\000n\000g\000\040\000\050\0004\000\040\000p\000h\000y\000s\000i\000c\000a\000l\000\040\000c\000o\000r\000e\000s\000\051}{chapter.5}% 128
\BOOKMARK [1][-]{section.5.46}{\376\377\000T\000i\000m\000e\000:\000\040\000\176\0008\0000\000\040\000s\000e\000c\000o\000n\000d\000s\000\040\000\050\0003\000.\0007\0005\000x\000\040\000s\000p\000e\000e\000d\000u\000p\000\051}{chapter.5}% 129
\BOOKMARK [1][-]{section.5.47}{\376\377\000A\000p\000p\000r\000o\000a\000c\000h\000\040\0003\000:\000\040\000G\000P\000U\000\040\000\050\000C\000U\000D\000A\000\051}{chapter.5}% 130
\BOOKMARK [1][-]{section.5.48}{\376\377\000T\000i\000m\000e\000:\000\040\000\176\0004\000\040\000s\000e\000c\000o\000n\000d\000s\000\040\000\050\0007\0005\000x\000\040\000s\000p\000e\000e\000d\000u\000p\000!\000\051}{chapter.5}% 131
\BOOKMARK [1][-]{section.5.49}{\376\377\000T\000a\000s\000k\000:\000\040\000E\000s\000t\000i\000m\000a\000t\000e\000\040\000p\000i\000\040\000u\000s\000i\000n\000g\000\040\000M\000o\000n\000t\000e\000\040\000C\000a\000r\000l\000o\000\040\000\050\0001\000\040\000b\000i\000l\000l\000i\000o\000n\000\040\000p\000o\000i\000n\000t\000s\000\051}{chapter.5}% 132
\BOOKMARK [1][-]{section.5.50}{\376\377\000S\000e\000q\000u\000e\000n\000t\000i\000a\000l\000\040\000C\000P\000U}{chapter.5}% 133
\BOOKMARK [1][-]{section.5.51}{\376\377\000C\000P\000U\000\040\000M\000u\000l\000t\000i\000p\000r\000o\000c\000e\000s\000s\000i\000n\000g\000\040\000\050\0004\000\040\000c\000o\000r\000e\000s\000\051}{chapter.5}% 134
\BOOKMARK [1][-]{section.5.52}{\376\377\000G\000P\000U\000\040\000\050\000C\000U\000D\000A\000\051}{chapter.5}% 135
\BOOKMARK [1][-]{section.5.53}{\376\377\000T\000a\000s\000k\000:\000\040\000T\000r\000a\000i\000n\000\040\000a\000\040\000n\000e\000u\000r\000a\000l\000\040\000n\000e\000t\000w\000o\000r\000k\000\040\000o\000n\000\040\000M\000N\000I\000S\000T\000\040\000d\000a\000t\000a\000s\000e\000t}{chapter.5}% 136
\BOOKMARK [1][-]{section.5.54}{\376\377\000D\000e\000f\000i\000n\000e\000\040\000s\000i\000m\000p\000l\000e\000\040\000n\000e\000t\000w\000o\000r\000k}{chapter.5}% 137
\BOOKMARK [1][-]{section.5.55}{\376\377\000C\000P\000U\000\040\000T\000r\000a\000i\000n\000i\000n\000g}{chapter.5}% 138
\BOOKMARK [1][-]{section.5.56}{\376\377\000G\000P\000U\000\040\000T\000r\000a\000i\000n\000i\000n\000g}{chapter.5}% 139
\BOOKMARK [2][-]{subsection.5.56.1}{\376\377\000S\000u\000m\000m\000a\000r\000y}{section.5.56}% 140
\BOOKMARK [3][-]{subsubsection*.63}{\376\377\000C\000o\000r\000e\000\040\000P\000r\000i\000n\000c\000i\000p\000l\000e\000s}{subsection.5.56.1}% 141
\BOOKMARK [3][-]{subsubsection*.64}{\376\377\000Q\000u\000i\000c\000k\000\040\000R\000e\000f\000e\000r\000e\000n\000c\000e}{subsection.5.56.1}% 142
\BOOKMARK [3][-]{subsubsection*.65}{\376\377\000K\000e\000y\000\040\000T\000a\000k\000e\000a\000w\000a\000y\000s}{subsection.5.56.1}% 143
\BOOKMARK [1][-]{section.5.57}{\376\377\000T\000h\000r\000e\000a\000d\000i\000n\000g\000\040\000B\000a\000s\000i\000c\000s\000:\000\040\000s\000t\000a\000r\000t\000\050\000\051\000\040\000a\000n\000d\000\040\000j\000o\000i\000n\000\050\000\051}{chapter.5}% 144
\BOOKMARK [2][-]{subsection.5.57.1}{\376\377\000W\000h\000a\000t\000\040\000i\000s\000\040\000s\000t\000a\000r\000t\000\050\000\051\000?}{section.5.57}% 145
\BOOKMARK [3][-]{subsubsection*.66}{\376\377\000K\000e\000y\000\040\000P\000o\000i\000n\000t\000s\000\040\000A\000b\000o\000u\000t\000\040\000s\000t\000a\000r\000t\000\050\000\051}{subsection.5.57.1}% 146
\BOOKMARK [3][-]{subsubsection*.67}{\376\377\000E\000x\000a\000m\000p\000l\000e}{subsection.5.57.1}% 147
\BOOKMARK [1][-]{section.5.58}{\376\377\000C\000r\000e\000a\000t\000e\000\040\000t\000h\000r\000e\000a\000d\000\040\000o\000b\000j\000e\000c\000t\000\040\000\050\000d\000o\000e\000s\000n\040\031\000t\000\040\000s\000t\000a\000r\000t\000\040\000y\000e\000t\000\051}{chapter.5}% 148
\BOOKMARK [1][-]{section.5.59}{\376\377\000C\000a\000l\000l\000\040\000s\000t\000a\000r\000t\000\050\000\051\000\040\000t\000o\000\040\000a\000c\000t\000u\000a\000l\000l\000y\000\040\000b\000e\000g\000i\000n\000\040\000e\000x\000e\000c\000u\000t\000i\000o\000n}{chapter.5}% 149
\BOOKMARK [2][-]{subsection.5.59.1}{\376\377\000W\000h\000a\000t\000\040\000i\000s\000\040\000j\000o\000i\000n\000\050\000\051\000?}{section.5.59}% 150
\BOOKMARK [3][-]{subsubsection*.68}{\376\377\000K\000e\000y\000\040\000P\000o\000i\000n\000t\000s\000\040\000A\000b\000o\000u\000t\000\040\000j\000o\000i\000n\000\050\000\051}{subsection.5.59.1}% 151
\BOOKMARK [3][-]{subsubsection*.69}{\376\377\000E\000x\000a\000m\000p\000l\000e}{subsection.5.59.1}% 152
\BOOKMARK [2][-]{subsection.5.59.2}{\376\377\000C\000o\000m\000p\000a\000r\000i\000s\000o\000n\000:\000\040\000W\000i\000t\000h\000\040\000v\000s\000\040\000W\000i\000t\000h\000o\000u\000t\000\040\000j\000o\000i\000n\000\050\000\051}{section.5.59}% 153
\BOOKMARK [3][-]{subsubsection*.70}{\376\377\000W\000I\000T\000H\000O\000U\000T\000\040\000j\000o\000i\000n\000\050\000\051\000\040\000-\000\040\000D\000A\000N\000G\000E\000R\000!}{subsection.5.59.2}% 154
\BOOKMARK [3][-]{subsubsection*.71}{\376\377\000W\000I\000T\000H\000\040\000j\000o\000i\000n\000\050\000\051\000\040\000-\000\040\000C\000O\000R\000R\000E\000C\000T\000!}{subsection.5.59.2}% 155
\BOOKMARK [2][-]{subsection.5.59.3}{\376\377\000T\000h\000r\000e\000a\000d\000\040\000L\000i\000f\000e\000c\000y\000c\000l\000e\000\040\000D\000i\000a\000g\000r\000a\000m}{section.5.59}% 156
\BOOKMARK [2][-]{subsection.5.59.4}{\376\377\000T\000y\000p\000i\000c\000a\000l\000\040\000P\000a\000t\000t\000e\000r\000n\000\040\000f\000o\000r\000\040\000M\000u\000l\000t\000i\000p\000l\000e\000\040\000T\000h\000r\000e\000a\000d\000s}{section.5.59}% 157
\BOOKMARK [1][-]{section.5.60}{\376\377\000S\000t\000e\000p\000\040\0001\000:\000\040\000C\000r\000e\000a\000t\000e\000\040\000a\000l\000l\000\040\000t\000h\000r\000e\000a\000d\000s}{chapter.5}% 158
\BOOKMARK [1][-]{section.5.61}{\376\377\000S\000t\000e\000p\000\040\0002\000:\000\040\000W\000a\000i\000t\000\040\000f\000o\000r\000\040\000a\000l\000l\000\040\000t\000o\000\040\000f\000i\000n\000i\000s\000h}{chapter.5}% 159
\BOOKMARK [2][-]{subsection.5.61.1}{\376\377\000C\000o\000m\000m\000o\000n\000\040\000M\000i\000s\000t\000a\000k\000e\000s}{section.5.61}% 160
\BOOKMARK [3][-]{subsubsection*.72}{\376\377\000M\000i\000s\000t\000a\000k\000e\000\040\0001\000:\000\040\000C\000a\000l\000l\000i\000n\000g\000\040\000t\000h\000e\000\040\000f\000u\000n\000c\000t\000i\000o\000n\000\040\000d\000i\000r\000e\000c\000t\000l\000y\000\040\000i\000n\000s\000t\000e\000a\000d\000\040\000o\000f\000\040\000s\000t\000a\000r\000t\000\050\000\051}{subsection.5.61.1}% 161
\BOOKMARK [1][-]{section.5.62}{\376\377\000[\000[\000F\000A\000I\000L\000]\000]\000\040\000W\000R\000O\000N\000G\000\040\000-\000\040\000r\000u\000n\000s\000\040\000w\000o\000r\000k\000e\000r\000\040\000i\000n\000\040\000M\000A\000I\000N\000\040\000t\000h\000r\000e\000a\000d}{chapter.5}% 162
\BOOKMARK [1][-]{section.5.63}{\376\377\000[\000[\000O\000K\000]\000]\000\040\000C\000O\000R\000R\000E\000C\000T\000\040\000-\000\040\000r\000u\000n\000s\000\040\000w\000o\000r\000k\000e\000r\000\040\000i\000n\000\040\000N\000E\000W\000\040\000t\000h\000r\000e\000a\000d}{chapter.5}% 163
\BOOKMARK [1][-]{section.5.64}{\376\377\000[\000[\000F\000A\000I\000L\000]\000]\000\040\000W\000R\000O\000N\000G\000\040\000-\000\040\000m\000a\000i\000n\000\040\000e\000x\000i\000t\000s\000\040\000b\000e\000f\000o\000r\000e\000\040\000w\000o\000r\000k\000e\000r\000\040\000f\000i\000n\000i\000s\000h\000e\000s}{chapter.5}% 164
\BOOKMARK [1][-]{section.5.65}{\376\377\000[\000[\000O\000K\000]\000]\000\040\000C\000O\000R\000R\000E\000C\000T\000\040\000-\000\040\000w\000a\000i\000t\000\040\000f\000o\000r\000\040\000w\000o\000r\000k\000e\000r\000\040\000t\000o\000\040\000f\000i\000n\000i\000s\000h}{chapter.5}% 165
\BOOKMARK [1][-]{section.5.66}{\376\377\000[\000[\000F\000A\000I\000L\000]\000]\000\040\000N\000O\000T\000\040\000S\000A\000F\000E\000\040\000-\000\040\000r\000a\000c\000e\000\040\000c\000o\000n\000d\000i\000t\000i\000o\000n}{chapter.5}% 166
\BOOKMARK [1][-]{section.5.67}{\376\377\000[\000[\000O\000K\000]\000]\000\040\000S\000A\000F\000E\000\040\000-\000\040\000u\000s\000e\000\040\000l\000o\000c\000k}{chapter.5}% 167
\BOOKMARK [2][-]{subsection.5.67.1}{\376\377\000P\000r\000a\000c\000t\000i\000c\000a\000l\000\040\000E\000x\000a\000m\000p\000l\000e\000:\000\040\000W\000e\000b\000\040\000S\000c\000r\000a\000p\000e\000r}{section.5.67}% 168
\BOOKMARK [1][-]{section.5.68}{\376\377\000U\000R\000L\000s\000\040\000t\000o\000\040\000f\000e\000t\000c\000h}{chapter.5}% 169
\BOOKMARK [1][-]{section.5.69}{\376\377\000C\000r\000e\000a\000t\000e\000\040\000a\000n\000d\000\040\000s\000t\000a\000r\000t\000\040\000t\000h\000r\000e\000a\000d\000s}{chapter.5}% 170
\BOOKMARK [1][-]{section.5.70}{\376\377\000W\000a\000i\000t\000\040\000f\000o\000r\000\040\000a\000l\000l\000\040\000t\000o\000\040\000c\000o\000m\000p\000l\000e\000t\000e}{chapter.5}% 171
\BOOKMARK [2][-]{subsection.5.70.1}{\376\377\000S\000u\000m\000m\000a\000r\000y\000\040\000T\000a\000b\000l\000e}{section.5.70}% 172
\BOOKMARK [2][-]{subsection.5.70.2}{\376\377\000K\000e\000y\000\040\000T\000a\000k\000e\000a\000w\000a\000y\000s}{section.5.70}% 173
\BOOKMARK [1][-]{section.5.71}{\376\377\000A\000s\000y\000n\000c\000i\000o\000\040\000E\000v\000e\000n\000t\000\040\000L\000o\000o\000p}{chapter.5}% 174
\BOOKMARK [2][-]{subsection.5.71.1}{\376\377\000O\000v\000e\000r\000v\000i\000e\000w}{section.5.71}% 175
\BOOKMARK [2][-]{subsection.5.71.2}{\376\377\000F\000i\000l\000e\000\040\000L\000o\000c\000a\000t\000i\000o\000n}{section.5.71}% 176
\BOOKMARK [2][-]{subsection.5.71.3}{\376\377\000K\000e\000y\000\040\000C\000o\000n\000c\000e\000p\000t\000s}{section.5.71}% 177
\BOOKMARK [3][-]{subsubsection*.73}{\376\377\000A\000s\000y\000n\000c\000i\000o\000\040\000E\000v\000e\000n\000t\000\040\000L\000o\000o\000p}{subsection.5.71.3}% 178
\BOOKMARK [3][-]{subsubsection*.74}{\376\377\000A\000s\000y\000n\000c\000/\000A\000w\000a\000i\000t\000\040\000P\000a\000t\000t\000e\000r\000n}{subsection.5.71.3}% 179
\BOOKMARK [2][-]{subsection.5.71.4}{\376\377\000C\000o\000d\000e\000\040\000B\000r\000e\000a\000k\000d\000o\000w\000n}{section.5.71}% 180
\BOOKMARK [3][-]{subsubsection*.75}{\376\377\000T\000a\000s\000k\000\040\000F\000u\000n\000c\000t\000i\000o\000n\000s}{subsection.5.71.4}% 181
\BOOKMARK [3][-]{subsubsection*.76}{\376\377\000M\000a\000i\000n\000\040\000F\000u\000n\000c\000t\000i\000o\000n}{subsection.5.71.4}% 182
\BOOKMARK [3][-]{subsubsection*.77}{\376\377\000E\000n\000t\000r\000y\000\040\000P\000o\000i\000n\000t}{subsection.5.71.4}% 183
\BOOKMARK [2][-]{subsection.5.71.5}{\376\377\000P\000y\000t\000h\000o\000n\000\040\0003\000.\0001\0002\000\040\000U\000p\000d\000a\000t\000e\000s}{section.5.71}% 184
\BOOKMARK [3][-]{subsubsection*.78}{\376\377\000C\000h\000a\000n\000g\000e\000s\000\040\000M\000a\000d\000e}{subsection.5.71.5}% 185
\BOOKMARK [2][-]{subsection.5.71.6}{\376\377\000E\000x\000e\000c\000u\000t\000i\000o\000n\000\040\000F\000l\000o\000w}{section.5.71}% 186
\BOOKMARK [2][-]{subsection.5.71.7}{\376\377\000U\000s\000a\000g\000e}{section.5.71}% 187
\BOOKMARK [2][-]{subsection.5.71.8}{\376\377\000O\000u\000t\000p\000u\000t\000\040\000E\000x\000a\000m\000p\000l\000e}{section.5.71}% 188
\BOOKMARK [2][-]{subsection.5.71.9}{\376\377\000K\000e\000y\000\040\000T\000a\000k\000e\000a\000w\000a\000y\000s}{section.5.71}% 189
\BOOKMARK [1][-]{section.5.72}{\376\377\000A\000s\000y\000n\000c\000i\000o\000\040\000C\000o\000r\000o\000u\000t\000i\000n\000e\000\040\000-\000\040\000F\000i\000n\000i\000t\000e\000\040\000S\000t\000a\000t\000e\000\040\000M\000a\000c\000h\000i\000n\000e}{chapter.5}% 190
\BOOKMARK [2][-]{subsection.5.72.1}{\376\377\000O\000v\000e\000r\000v\000i\000e\000w}{section.5.72}% 191
\BOOKMARK [2][-]{subsection.5.72.2}{\376\377\000F\000i\000l\000e\000\040\000L\000o\000c\000a\000t\000i\000o\000n}{section.5.72}% 192
\BOOKMARK [2][-]{subsection.5.72.3}{\376\377\000K\000e\000y\000\040\000C\000o\000n\000c\000e\000p\000t\000s}{section.5.72}% 193
\BOOKMARK [3][-]{subsubsection*.79}{\376\377\000F\000i\000n\000i\000t\000e\000\040\000S\000t\000a\000t\000e\000\040\000M\000a\000c\000h\000i\000n\000e\000\040\000\050\000F\000S\000M\000\051}{subsection.5.72.3}% 194
\BOOKMARK [3][-]{subsubsection*.80}{\376\377\000C\000o\000r\000o\000u\000t\000i\000n\000e\000s}{subsection.5.72.3}% 195
\BOOKMARK [3][-]{subsubsection*.81}{\376\377\000S\000t\000a\000t\000e\000\040\000T\000r\000a\000n\000s\000i\000t\000i\000o\000n\000s}{subsection.5.72.3}% 196
\BOOKMARK [2][-]{subsection.5.72.4}{\376\377\000C\000o\000d\000e\000\040\000B\000r\000e\000a\000k\000d\000o\000w\000n}{section.5.72}% 197
\BOOKMARK [3][-]{subsubsection*.82}{\376\377\000S\000t\000a\000t\000e\000\040\000M\000a\000c\000h\000i\000n\000e\000\040\000S\000t\000r\000u\000c\000t\000u\000r\000e}{subsection.5.72.4}% 198
\BOOKMARK [3][-]{subsubsection*.83}{\376\377\000S\000t\000a\000r\000t\000\040\000S\000t\000a\000t\000e}{subsection.5.72.4}% 199
\BOOKMARK [3][-]{subsubsection*.84}{\376\377\000I\000n\000t\000e\000r\000m\000e\000d\000i\000a\000t\000e\000\040\000S\000t\000a\000t\000e\000s\000\040\000\050\000S\000t\000a\000t\000e\000\040\0001\000,\000\040\0002\000,\000\040\0003\000\051}{subsection.5.72.4}% 200
\BOOKMARK [3][-]{subsubsection*.85}{\376\377\000E\000n\000d\000\040\000S\000t\000a\000t\000e}{subsection.5.72.4}% 201
\BOOKMARK [2][-]{subsection.5.72.5}{\376\377\000P\000y\000t\000h\000o\000n\000\040\0003\000.\0001\0002\000\040\000U\000p\000d\000a\000t\000e\000s}{section.5.72}% 202
\BOOKMARK [3][-]{subsubsection*.86}{\376\377\000C\000h\000a\000n\000g\000e\000s\000\040\000M\000a\000d\000e}{subsection.5.72.5}% 203
\BOOKMARK [2][-]{subsection.5.72.6}{\376\377\000E\000x\000e\000c\000u\000t\000i\000o\000n\000\040\000F\000l\000o\000w\000\040\000E\000x\000a\000m\000p\000l\000e}{section.5.72}% 204
\BOOKMARK [2][-]{subsection.5.72.7}{\376\377\000U\000s\000a\000g\000e}{section.5.72}% 205
\BOOKMARK [2][-]{subsection.5.72.8}{\376\377\000O\000u\000t\000p\000u\000t\000\040\000E\000x\000a\000m\000p\000l\000e}{section.5.72}% 206
\BOOKMARK [2][-]{subsection.5.72.9}{\376\377\000K\000e\000y\000\040\000T\000a\000k\000e\000a\000w\000a\000y\000s}{section.5.72}% 207
\BOOKMARK [2][-]{subsection.5.72.10}{\376\377\000U\000s\000e\000\040\000C\000a\000s\000e\000s}{section.5.72}% 208
\BOOKMARK [1][-]{section.5.73}{\376\377\000A\000s\000y\000n\000c\000i\000o\000\040\000a\000n\000d\000\040\000F\000u\000t\000u\000r\000e\000s}{chapter.5}% 209
\BOOKMARK [2][-]{subsection.5.73.1}{\376\377\000O\000v\000e\000r\000v\000i\000e\000w}{section.5.73}% 210
\BOOKMARK [2][-]{subsection.5.73.2}{\376\377\000F\000i\000l\000e\000\040\000L\000o\000c\000a\000t\000i\000o\000n}{section.5.73}% 211
\BOOKMARK [2][-]{subsection.5.73.3}{\376\377\000K\000e\000y\000\040\000C\000o\000n\000c\000e\000p\000t\000s}{section.5.73}% 212
\BOOKMARK [3][-]{subsubsection*.87}{\376\377\000C\000o\000m\000m\000a\000n\000d\000-\000L\000i\000n\000e\000\040\000A\000r\000g\000u\000m\000e\000n\000t\000s}{subsection.5.73.3}% 213
\BOOKMARK [3][-]{subsubsection*.88}{\376\377\000A\000s\000y\000n\000c\000\040\000T\000a\000s\000k\000\040\000R\000e\000s\000u\000l\000t\000s}{subsection.5.73.3}% 214
\BOOKMARK [3][-]{subsubsection*.89}{\376\377\000C\000o\000n\000c\000u\000r\000r\000e\000n\000t\000\040\000C\000o\000m\000p\000u\000t\000a\000t\000i\000o\000n}{subsection.5.73.3}% 215
\BOOKMARK [2][-]{subsection.5.73.4}{\376\377\000C\000o\000d\000e\000\040\000B\000r\000e\000a\000k\000d\000o\000w\000n}{section.5.73}% 216
\BOOKMARK [3][-]{subsubsection*.90}{\376\377\000F\000i\000r\000s\000t\000\040\000C\000o\000r\000o\000u\000t\000i\000n\000e\000\040\000-\000\040\000S\000u\000m\000\040\000o\000f\000\040\000N\000\040\000I\000n\000t\000e\000g\000e\000r\000s}{subsection.5.73.4}% 217
\BOOKMARK [3][-]{subsubsection*.91}{\376\377\000S\000e\000c\000o\000n\000d\000\040\000C\000o\000r\000o\000u\000t\000i\000n\000e\000\040\000-\000\040\000F\000a\000c\000t\000o\000r\000i\000a\000l}{subsection.5.73.4}% 218
\BOOKMARK [3][-]{subsubsection*.92}{\376\377\000M\000a\000i\000n\000\040\000F\000u\000n\000c\000t\000i\000o\000n}{subsection.5.73.4}% 219
\BOOKMARK [2][-]{subsection.5.73.5}{\376\377\000P\000y\000t\000h\000o\000n\000\040\0003\000.\0001\0002\000\040\000U\000p\000d\000a\000t\000e\000s}{section.5.73}% 220
\BOOKMARK [3][-]{subsubsection*.93}{\376\377\000C\000h\000a\000n\000g\000e\000s\000\040\000M\000a\000d\000e}{subsection.5.73.5}% 221
\BOOKMARK [2][-]{subsection.5.73.6}{\376\377\000B\000e\000f\000o\000r\000e\000\040\000v\000s\000\040\000A\000f\000t\000e\000r\000\040\000C\000o\000m\000p\000a\000r\000i\000s\000o\000n}{section.5.73}% 222
\BOOKMARK [3][-]{subsubsection*.94}{\376\377\000O\000l\000d\000\040\000P\000a\000t\000t\000e\000r\000n\000\040\000\050\000D\000e\000p\000r\000e\000c\000a\000t\000e\000d\000\051}{subsection.5.73.6}% 223
\BOOKMARK [3][-]{subsubsection*.95}{\376\377\000N\000e\000w\000\040\000P\000a\000t\000t\000e\000r\000n\000\040\000\050\000M\000o\000d\000e\000r\000n\000\051}{subsection.5.73.6}% 224
\BOOKMARK [2][-]{subsection.5.73.7}{\376\377\000E\000x\000e\000c\000u\000t\000i\000o\000n\000\040\000F\000l\000o\000w}{section.5.73}% 225
\BOOKMARK [2][-]{subsection.5.73.8}{\376\377\000U\000s\000a\000g\000e}{section.5.73}% 226
\BOOKMARK [2][-]{subsection.5.73.9}{\376\377\000E\000x\000a\000m\000p\000l\000e\000s}{section.5.73}% 227
\BOOKMARK [3][-]{subsubsection*.96}{\376\377\000E\000x\000a\000m\000p\000l\000e\000\040\0001}{subsection.5.73.9}% 228
\BOOKMARK [3][-]{subsubsection*.97}{\376\377\000E\000x\000a\000m\000p\000l\000e\000\040\0002}{subsection.5.73.9}% 229
\BOOKMARK [2][-]{subsection.5.73.10}{\376\377\000P\000e\000r\000f\000o\000r\000m\000a\000n\000c\000e}{section.5.73}% 230
\BOOKMARK [2][-]{subsection.5.73.11}{\376\377\000K\000e\000y\000\040\000T\000a\000k\000e\000a\000w\000a\000y\000s}{section.5.73}% 231
\BOOKMARK [2][-]{subsection.5.73.12}{\376\377\000M\000o\000d\000e\000r\000n\000\040\000B\000e\000s\000t\000\040\000P\000r\000a\000c\000t\000i\000c\000e\000s}{section.5.73}% 232
\BOOKMARK [2][-]{subsection.5.73.13}{\376\377\000W\000h\000e\000n\000\040\000t\000o\000\040\000U\000s\000e\000\040\000T\000h\000i\000s\000\040\000P\000a\000t\000t\000e\000r\000n}{section.5.73}% 233
\BOOKMARK [2][-]{subsection.5.73.14}{\376\377\000C\000a\000p\000t\000u\000r\000i\000n\000g\000\040\000R\000e\000s\000u\000l\000t\000s}{section.5.73}% 234
\BOOKMARK [1][-]{section.5.74}{\376\377\000A\000s\000y\000n\000c\000i\000o\000\040\000T\000a\000s\000k\000\040\000M\000a\000n\000i\000p\000u\000l\000a\000t\000i\000o\000n}{chapter.5}% 235
\BOOKMARK [2][-]{subsection.5.74.1}{\376\377\000O\000v\000e\000r\000v\000i\000e\000w}{section.5.74}% 236
\BOOKMARK [2][-]{subsection.5.74.2}{\376\377\000F\000i\000l\000e\000\040\000L\000o\000c\000a\000t\000i\000o\000n}{section.5.74}% 237
\BOOKMARK [2][-]{subsection.5.74.3}{\376\377\000K\000e\000y\000\040\000C\000o\000n\000c\000e\000p\000t\000s}{section.5.74}% 238
\BOOKMARK [3][-]{subsubsection*.98}{\376\377\000A\000s\000y\000n\000c\000i\000o\000\040\000T\000a\000s\000k\000s}{subsection.5.74.3}% 239
\BOOKMARK [3][-]{subsubsection*.99}{\376\377\000C\000o\000n\000c\000u\000r\000r\000e\000n\000t\000\040\000E\000x\000e\000c\000u\000t\000i\000o\000n}{subsection.5.74.3}% 240
\BOOKMARK [3][-]{subsubsection*.100}{\376\377\000a\000s\000y\000n\000c\000i\000o\000.\000g\000a\000t\000h\000e\000r\000\050\000\051}{subsection.5.74.3}% 241
\BOOKMARK [2][-]{subsection.5.74.4}{\376\377\000C\000o\000d\000e\000\040\000B\000r\000e\000a\000k\000d\000o\000w\000n}{section.5.74}% 242
\BOOKMARK [3][-]{subsubsection*.101}{\376\377\000F\000a\000c\000t\000o\000r\000i\000a\000l\000\040\000C\000o\000m\000p\000u\000t\000a\000t\000i\000o\000n}{subsection.5.74.4}% 243
\BOOKMARK [3][-]{subsubsection*.102}{\376\377\000F\000i\000b\000o\000n\000a\000c\000c\000i\000\040\000C\000o\000m\000p\000u\000t\000a\000t\000i\000o\000n}{subsection.5.74.4}% 244
\BOOKMARK [3][-]{subsubsection*.103}{\376\377\000B\000i\000n\000o\000m\000i\000a\000l\000\040\000C\000o\000e\000f\000f\000i\000c\000i\000e\000n\000t\000\040\000C\000o\000m\000p\000u\000t\000a\000t\000i\000o\000n}{subsection.5.74.4}% 245
\BOOKMARK [3][-]{subsubsection*.104}{\376\377\000M\000a\000i\000n\000\040\000F\000u\000n\000c\000t\000i\000o\000n}{subsection.5.74.4}% 246
\BOOKMARK [2][-]{subsection.5.74.5}{\376\377\000P\000y\000t\000h\000o\000n\000\040\0003\000.\0001\0002\000\040\000U\000p\000d\000a\000t\000e\000s}{section.5.74}% 247
\BOOKMARK [3][-]{subsubsection*.105}{\376\377\000C\000h\000a\000n\000g\000e\000s\000\040\000M\000a\000d\000e}{subsection.5.74.5}% 248
\BOOKMARK [2][-]{subsection.5.74.6}{\376\377\000E\000x\000e\000c\000u\000t\000i\000o\000n\000\040\000F\000l\000o\000w}{section.5.74}% 249
\BOOKMARK [2][-]{subsection.5.74.7}{\376\377\000C\000o\000n\000c\000u\000r\000r\000e\000n\000c\000y\000\040\000v\000s\000\040\000P\000a\000r\000a\000l\000l\000e\000l\000i\000s\000m}{section.5.74}% 250
\BOOKMARK [2][-]{subsection.5.74.8}{\376\377\000U\000s\000a\000g\000e}{section.5.74}% 251
\BOOKMARK [2][-]{subsection.5.74.9}{\376\377\000O\000u\000t\000p\000u\000t\000\040\000E\000x\000a\000m\000p\000l\000e}{section.5.74}% 252
\BOOKMARK [2][-]{subsection.5.74.10}{\376\377\000P\000e\000r\000f\000o\000r\000m\000a\000n\000c\000e}{section.5.74}% 253
\BOOKMARK [2][-]{subsection.5.74.11}{\376\377\000K\000e\000y\000\040\000T\000a\000k\000e\000a\000w\000a\000y\000s}{section.5.74}% 254
\BOOKMARK [2][-]{subsection.5.74.12}{\376\377\000W\000h\000e\000n\000\040\000t\000o\000\040\000U\000s\000e}{section.5.74}% 255
\BOOKMARK [1][-]{section.5.75}{\376\377\000C\000o\000n\000c\000u\000r\000r\000e\000n\000t\000\040\000F\000u\000t\000u\000r\000e\000s\000\040\000P\000o\000o\000l\000i\000n\000g}{chapter.5}% 256
\BOOKMARK [2][-]{subsection.5.75.1}{\376\377\000O\000v\000e\000r\000v\000i\000e\000w}{section.5.75}% 257
\BOOKMARK [2][-]{subsection.5.75.2}{\376\377\000F\000i\000l\000e\000\040\000L\000o\000c\000a\000t\000i\000o\000n}{section.5.75}% 258
\BOOKMARK [2][-]{subsection.5.75.3}{\376\377\000K\000e\000y\000\040\000C\000o\000n\000c\000e\000p\000t\000s}{section.5.75}% 259
\BOOKMARK [3][-]{subsubsection*.106}{\376\377\000E\000x\000e\000c\000u\000t\000o\000r\000\040\000P\000a\000t\000t\000e\000r\000n}{subsection.5.75.3}% 260
\BOOKMARK [3][-]{subsubsection*.107}{\376\377\000E\000x\000e\000c\000u\000t\000i\000o\000n\000\040\000M\000o\000d\000e\000l\000s}{subsection.5.75.3}% 261
\BOOKMARK [2][-]{subsection.5.75.4}{\376\377\000C\000o\000d\000e\000\040\000B\000r\000e\000a\000k\000d\000o\000w\000n}{section.5.75}% 262
\BOOKMARK [3][-]{subsubsection*.108}{\376\377\000C\000P\000U\000-\000I\000n\000t\000e\000n\000s\000i\000v\000e\000\040\000T\000a\000s\000k}{subsection.5.75.4}% 263
\BOOKMARK [3][-]{subsubsection*.109}{\376\377\000E\000v\000a\000l\000u\000a\000t\000i\000o\000n\000\040\000F\000u\000n\000c\000t\000i\000o\000n}{subsection.5.75.4}% 264
\BOOKMARK [3][-]{subsubsection*.110}{\376\377\000S\000e\000q\000u\000e\000n\000t\000i\000a\000l\000\040\000E\000x\000e\000c\000u\000t\000i\000o\000n}{subsection.5.75.4}% 265
\BOOKMARK [3][-]{subsubsection*.111}{\376\377\000T\000h\000r\000e\000a\000d\000\040\000P\000o\000o\000l\000\040\000E\000x\000e\000c\000u\000t\000i\000o\000n}{subsection.5.75.4}% 266
\BOOKMARK [3][-]{subsubsection*.112}{\376\377\000P\000r\000o\000c\000e\000s\000s\000\040\000P\000o\000o\000l\000\040\000E\000x\000e\000c\000u\000t\000i\000o\000n}{subsection.5.75.4}% 267
\BOOKMARK [2][-]{subsection.5.75.5}{\376\377\000P\000e\000r\000f\000o\000r\000m\000a\000n\000c\000e\000\040\000E\000x\000p\000e\000c\000t\000a\000t\000i\000o\000n\000s}{section.5.75}% 268
\BOOKMARK [2][-]{subsection.5.75.6}{\376\377\000P\000y\000t\000h\000o\000n\000\040\0003\000.\0001\0002\000\040\000U\000p\000d\000a\000t\000e\000s}{section.5.75}% 269
\BOOKMARK [3][-]{subsubsection*.113}{\376\377\000C\000h\000a\000n\000g\000e\000s\000\040\000M\000a\000d\000e}{subsection.5.75.6}% 270
\BOOKMARK [2][-]{subsection.5.75.7}{\376\377\000U\000s\000a\000g\000e}{section.5.75}% 271
\BOOKMARK [2][-]{subsection.5.75.8}{\376\377\000O\000u\000t\000p\000u\000t\000\040\000E\000x\000a\000m\000p\000l\000e}{section.5.75}% 272
\BOOKMARK [2][-]{subsection.5.75.9}{\376\377\000W\000h\000e\000n\000\040\000t\000o\000\040\000U\000s\000e\000\040\000E\000a\000c\000h\000\040\000A\000p\000p\000r\000o\000a\000c\000h}{section.5.75}% 273
\BOOKMARK [1][-]{section.5.76}{\376\377\000Q\000u\000e\000u\000e\000\040\000E\000x\000p\000l\000a\000i\000n\000e\000d\000:\000\040\000T\000h\000r\000e\000a\000d\000-\000S\000a\000f\000e\000\040\000D\000a\000t\000a\000\040\000S\000t\000r\000u\000c\000t\000u\000r\000e\000\040\000\046\000\040\000L\000o\000c\000k\000i\000n\000g}{chapter.5}% 274
\BOOKMARK [2][-]{subsection.5.76.1}{\376\377\000W\000h\000a\000t\000\040\000i\000s\000\040\000a\000\040\000Q\000u\000e\000u\000e\000?}{section.5.76}% 275
\BOOKMARK [3][-]{subsubsection*.114}{\376\377\000K\000e\000y\000\040\000C\000o\000n\000c\000e\000p\000t}{subsection.5.76.1}% 276
\BOOKMARK [2][-]{subsection.5.76.2}{\376\377\000H\000o\000w\000\040\000Q\000u\000e\000u\000e\000\040\000W\000o\000r\000k\000s\000\040\000I\000n\000t\000e\000r\000n\000a\000l\000l\000y}{section.5.76}% 277
\BOOKMARK [3][-]{subsubsection*.115}{\376\377\000I\000n\000t\000e\000r\000n\000a\000l\000\040\000S\000t\000r\000u\000c\000t\000u\000r\000e}{subsection.5.76.2}% 278
\BOOKMARK [3][-]{subsubsection*.116}{\376\377\000A\000u\000t\000o\000m\000a\000t\000i\000c\000\040\000L\000o\000c\000k\000i\000n\000g}{subsection.5.76.2}% 279
\BOOKMARK [2][-]{subsection.5.76.3}{\376\377\000Q\000u\000e\000u\000e\000\040\000O\000p\000e\000r\000a\000t\000i\000o\000n\000s}{section.5.76}% 280
\BOOKMARK [3][-]{subsubsection*.117}{\376\377\000p\000u\000t\000\050\000i\000t\000e\000m\000\051}{subsection.5.76.3}% 281
\BOOKMARK [2][-]{subsection.5.76.4}{\376\377\000W\000h\000y\000\040\000Q\000u\000e\000u\000e\000\040\000i\000s\000\040\000B\000e\000s\000t\000\040\000P\000r\000a\000c\000t\000i\000c\000e}{section.5.76}% 282
\BOOKMARK [3][-]{subsubsection*.118}{\376\377\000P\000r\000o\000b\000l\000e\000m\000\040\000w\000i\000t\000h\000\040\000M\000a\000n\000u\000a\000l\000\040\000L\000o\000c\000k\000s}{subsection.5.76.4}% 283
\BOOKMARK [1][-]{section.5.77}{\376\377\000P\000r\000o\000b\000l\000e\000m\000s\000:}{chapter.5}% 284
\BOOKMARK [1][-]{section.5.78}{\376\377\0001\000.\000\040\000E\000a\000s\000y\000\040\000t\000o\000\040\000f\000o\000r\000g\000e\000t\000\040\000l\000o\000c\000k\000\040\000s\000o\000m\000e\000w\000h\000e\000r\000e}{chapter.5}% 285
\BOOKMARK [1][-]{section.5.79}{\376\377\0002\000.\000\040\000B\000u\000s\000y\000-\000w\000a\000i\000t\000i\000n\000g\000\040\000w\000a\000s\000t\000e\000s\000\040\000C\000P\000U}{chapter.5}% 286
\BOOKMARK [1][-]{section.5.80}{\376\377\0003\000.\000\040\000N\000o\000\040\000s\000y\000n\000c\000h\000r\000o\000n\000i\000z\000a\000t\000i\000o\000n\000\040\000b\000e\000t\000w\000e\000e\000n\000\040\000t\000h\000r\000e\000a\000d\000s}{chapter.5}% 287
\BOOKMARK [1][-]{section.5.81}{\376\377\0004\000.\000\040\000R\000a\000c\000e\000\040\000c\000o\000n\000d\000i\000t\000i\000o\000n\000s\000\040\000p\000o\000s\000s\000i\000b\000l\000e}{chapter.5}% 288
\BOOKMARK [1][-]{section.5.82}{\376\377\000B\000e\000n\000e\000f\000i\000t\000s\000:}{chapter.5}% 289
\BOOKMARK [1][-]{section.5.83}{\376\377\0001\000.\000\040\000S\000y\000n\000c\000h\000r\000o\000n\000i\000z\000a\000t\000i\000o\000n\000\040\000a\000u\000t\000o\000m\000a\000t\000i\000c}{chapter.5}% 290
\BOOKMARK [1][-]{section.5.84}{\376\377\0002\000.\000\040\000N\000o\000\040\000b\000u\000s\000y\000-\000w\000a\000i\000t\000i\000n\000g}{chapter.5}% 291
\BOOKMARK [1][-]{section.5.85}{\376\377\0003\000.\000\040\000B\000l\000o\000c\000k\000s\000\040\000c\000o\000r\000r\000e\000c\000t\000l\000y\000\040\000w\000h\000e\000n\000\040\000e\000m\000p\000t\000y\000/\000f\000u\000l\000l}{chapter.5}% 292
\BOOKMARK [1][-]{section.5.86}{\376\377\0004\000.\000\040\000T\000a\000s\000k\000\040\000t\000r\000a\000c\000k\000i\000n\000g\000\040\000w\000i\000t\000h\000\040\000t\000a\000s\000k\000\137\000d\000o\000n\000e\000\050\000\051}{chapter.5}% 293
\BOOKMARK [2][-]{subsection.5.86.1}{\376\377\000Q\000u\000e\000u\000e\000\040\000a\000s\000\040\000L\000o\000c\000k\000i\000n\000g\000\040\000M\000e\000c\000h\000a\000n\000i\000s\000m}{section.5.86}% 294
\BOOKMARK [3][-]{subsubsection*.119}{\376\377\000H\000o\000w\000\040\000Q\000u\000e\000u\000e\000\040\000D\000o\000e\000s\000\040\000L\000o\000c\000k\000i\000n\000g}{subsection.5.86.1}% 295
\BOOKMARK [3][-]{subsubsection*.120}{\376\377\000L\000o\000c\000k\000i\000n\000g\000\040\000B\000e\000n\000e\000f\000i\000t\000s}{subsection.5.86.1}% 296
\BOOKMARK [2][-]{subsection.5.86.2}{\376\377\000T\000h\000e\000\040\000C\000o\000d\000e\000\040\000E\000x\000p\000l\000a\000i\000n\000e\000d\000:\000\040\000P\000r\000o\000d\000u\000c\000e\000r\000-\000C\000o\000n\000s\000u\000m\000e\000r}{section.5.86}% 297
\BOOKMARK [1][-]{section.5.87}{\376\377\000C\000r\000e\000a\000t\000e\000\040\000q\000u\000e\000u\000e}{chapter.5}% 298
\BOOKMARK [1][-]{section.5.88}{\376\377\000C\000r\000e\000a\000t\000e\000\040\000t\000h\000r\000e\000a\000d\000s}{chapter.5}% 299
\BOOKMARK [1][-]{section.5.89}{\376\377\000S\000t\000a\000r\000t\000\040\000a\000l\000l}{chapter.5}% 300
\BOOKMARK [2][-]{subsection.5.89.1}{\376\377\000T\000i\000m\000e\000\040\000P\000r\000o\000d\000u\000c\000e\000r\000\040\000Q\000u\000e\000u\000e\000\040\000C\000o\000n\000s\000u\000m\000e\000r\0001\000/\0002\000/\0003}{section.5.89}% 301
\BOOKMARK [2][-]{subsection.5.89.2}{\376\377\000Q\000u\000e\000u\000e\000\040\000v\000s\000\040\000L\000o\000c\000k\000\040\000v\000s\000\040\000S\000e\000m\000a\000p\000h\000o\000r\000e\000\040\000v\000s\000\040\000R\000L\000o\000c\000k}{section.5.89}% 302
\BOOKMARK [2][-]{subsection.5.89.3}{\376\377\000Q\000u\000e\000u\000e\000\040\000B\000e\000n\000e\000f\000i\000t\000s\000\040\000S\000u\000m\000m\000a\000r\000y}{section.5.89}% 303
\BOOKMARK [3][-]{subsubsection*.121}{\376\377\0001\000.\000\040\000T\000h\000r\000e\000a\000d\000-\000S\000a\000f\000e\000\040\000D\000a\000t\000a\000\040\000S\000t\000r\000u\000c\000t\000u\000r\000e}{subsection.5.89.3}% 304
\BOOKMARK [1][-]{section.5.90}{\376\377\000W\000i\000t\000h\000o\000u\000t\000\040\000Q\000u\000e\000u\000e\000\040\000-\000\040\000N\000e\000e\000d\000\040\000t\000o\000\040\000m\000a\000n\000a\000g\000e\000\040\000l\000o\000c\000k\000i\000n\000g}{chapter.5}% 305
\BOOKMARK [1][-]{section.5.91}{\376\377\000W\000i\000t\000h\000\040\000Q\000u\000e\000u\000e\000\040\000-\000\040\000A\000u\000t\000o\000m\000a\000t\000i\000c}{chapter.5}% 306
\BOOKMARK [1][-]{section.5.92}{\376\377\000W\000i\000t\000h\000o\000u\000t\000\040\000Q\000u\000e\000u\000e\000\040\000-\000\040\000N\000e\000e\000d\000\040\000c\000o\000n\000d\000i\000t\000i\000o\000n\000\040\000v\000a\000r\000i\000a\000b\000l\000e\000s}{chapter.5}% 307
\BOOKMARK [1][-]{section.5.93}{\376\377\000W\000i\000t\000h\000\040\000Q\000u\000e\000u\000e\000\040\000-\000\040\000B\000l\000o\000c\000k\000s\000\040\000a\000u\000t\000o\000m\000a\000t\000i\000c\000a\000l\000l\000y}{chapter.5}% 308
\BOOKMARK [1][-]{section.5.94}{\376\377\000B\000a\000d\000\040\000-\000\040\000B\000u\000s\000y\000-\000w\000a\000i\000t\000\040\000\050\000w\000a\000s\000t\000e\000s\000\040\000C\000P\000U\000\051}{chapter.5}% 309
\BOOKMARK [1][-]{section.5.95}{\376\377\000G\000o\000o\000d\000\040\000-\000\040\000Q\000u\000e\000u\000e\000\040\000b\000l\000o\000c\000k\000s\000\040\000e\000f\000f\000i\000c\000i\000e\000n\000t\000l\000y}{chapter.5}% 310
\BOOKMARK [1][-]{section.5.96}{\376\377\000P\000r\000o\000c\000e\000s\000s\000\040\000i\000t\000e\000m\000s}{chapter.5}% 311
\BOOKMARK [1][-]{section.5.97}{\376\377\000M\000u\000l\000t\000i\000p\000l\000e\000\040\000p\000r\000o\000d\000u\000c\000e\000r\000s}{chapter.5}% 312
\BOOKMARK [1][-]{section.5.98}{\376\377\000M\000u\000l\000t\000i\000p\000l\000e\000\040\000c\000o\000n\000s\000u\000m\000e\000r\000s}{chapter.5}% 313
\BOOKMARK [1][-]{section.5.99}{\376\377\000A\000l\000l\000\040\000s\000a\000f\000e\000!\000\040\000Q\000u\000e\000u\000e\000\040\000h\000a\000n\000d\000l\000e\000s\000\040\000s\000y\000n\000c\000h\000r\000o\000n\000i\000z\000a\000t\000i\000o\000n}{chapter.5}% 314
\BOOKMARK [2][-]{subsection.5.99.1}{\376\377\000I\000n\000t\000e\000r\000n\000a\000l\000\040\000Q\000u\000e\000u\000e\000\040\000L\000o\000c\000k\000i\000n\000g\000\040\000M\000e\000c\000h\000a\000n\000i\000s\000m}{section.5.99}% 315
\BOOKMARK [3][-]{subsubsection*.122}{\376\377\000S\000t\000e\000p\000-\000b\000y\000-\000S\000t\000e\000p\000:\000\040\000W\000h\000a\000t\000\040\000H\000a\000p\000p\000e\000n\000s\000\040\000i\000n\000\040\000p\000u\000t\000\050\000\051}{subsection.5.99.1}% 316
\BOOKMARK [1][-]{section.5.100}{\376\377\000I\000n\000t\000e\000r\000n\000a\000l\000l\000y\000\040\000i\000n\000\040\000Q\000u\000e\000u\000e\000:}{chapter.5}% 317
\BOOKMARK [1][-]{section.5.101}{\376\377\0001\000.\000\040\000A\000c\000q\000u\000i\000r\000e\000\040\000m\000u\000t\000e\000x\000\040\000\050\000l\000o\000c\000k\000\051}{chapter.5}% 318
\BOOKMARK [1][-]{section.5.102}{\376\377\0002\000.\000\040\000C\000h\000e\000c\000k\000\040\000i\000f\000\040\000f\000u\000l\000l}{chapter.5}% 319
\BOOKMARK [1][-]{section.5.103}{\376\377\0004\000.\000\040\000N\000o\000t\000i\000f\000y\000\040\000c\000o\000n\000s\000u\000m\000e\000r\000s}{chapter.5}% 320
\BOOKMARK [1][-]{section.5.104}{\376\377\0005\000.\000\040\000R\000e\000l\000e\000a\000s\000e\000\040\000m\000u\000t\000e\000x}{chapter.5}% 321
\BOOKMARK [1][-]{section.5.105}{\376\377\000I\000n\000t\000e\000r\000n\000a\000l\000l\000y\000\040\000i\000n\000\040\000Q\000u\000e\000u\000e\000:}{chapter.5}% 322
\BOOKMARK [1][-]{section.5.106}{\376\377\0001\000.\000\040\000A\000c\000q\000u\000i\000r\000e\000\040\000m\000u\000t\000e\000x\000\040\000\050\000l\000o\000c\000k\000\051}{chapter.5}% 323
\BOOKMARK [1][-]{section.5.107}{\376\377\0002\000.\000\040\000C\000h\000e\000c\000k\000\040\000i\000f\000\040\000e\000m\000p\000t\000y}{chapter.5}% 324
\BOOKMARK [1][-]{section.5.108}{\376\377\0004\000.\000\040\000N\000o\000t\000i\000f\000y\000\040\000p\000r\000o\000d\000u\000c\000e\000r\000s}{chapter.5}% 325
\BOOKMARK [1][-]{section.5.109}{\376\377\0005\000.\000\040\000R\000e\000l\000e\000a\000s\000e\000\040\000m\000u\000t\000e\000x}{chapter.5}% 326
\BOOKMARK [2][-]{subsection.5.109.1}{\376\377\000W\000h\000y\000\040\000Q\000u\000e\000u\000e\000\040\000i\000s\000\040\000S\000a\000f\000e\000r\000\040\000T\000h\000a\000n\000\040\000M\000a\000n\000u\000a\000l\000\040\000L\000o\000c\000k\000i\000n\000g}{section.5.109}% 327
\BOOKMARK [3][-]{subsubsection*.123}{\376\377\000M\000i\000s\000t\000a\000k\000e\000\040\0001\000:\000\040\000F\000o\000r\000g\000e\000t\000t\000i\000n\000g\000\040\000L\000o\000c\000k}{subsection.5.109.1}% 328
\BOOKMARK [1][-]{section.5.110}{\376\377\000[\000[\000F\000A\000I\000L\000]\000]\000\040\000W\000R\000O\000N\000G\000\040\000-\000\040\000N\000o\000\040\000l\000o\000c\000k\000\040\000o\000n\000\040\000a\000p\000p\000e\000n\000d}{chapter.5}% 329
\BOOKMARK [1][-]{section.5.111}{\376\377\000[\000[\000O\000K\000]\000]\000\040\000C\000O\000R\000R\000E\000C\000T\000\040\000-\000\040\000Q\000u\000e\000u\000e\000\040\000i\000s\000\040\000a\000l\000w\000a\000y\000s\000\040\000l\000o\000c\000k\000e\000d}{chapter.5}% 330
\BOOKMARK [1][-]{section.5.112}{\376\377\000[\000[\000F\000A\000I\000L\000]\000]\000\040\000W\000R\000O\000N\000G\000\040\000-\000\040\000W\000a\000s\000t\000e\000s\000\040\000C\000P\000U}{chapter.5}% 331
\BOOKMARK [1][-]{section.5.113}{\376\377\000[\000[\000O\000K\000]\000]\000\040\000C\000O\000R\000R\000E\000C\000T\000\040\000-\000\040\000Q\000u\000e\000u\000e\000\040\000b\000l\000o\000c\000k\000s\000\040\000e\000f\000f\000i\000c\000i\000e\000n\000t\000l\000y}{chapter.5}% 332
\BOOKMARK [1][-]{section.5.114}{\376\377\000[\000[\000F\000A\000I\000L\000]\000]\000\040\000W\000R\000O\000N\000G\000\040\000-\000\040\000C\000h\000e\000c\000k\000\040\000a\000n\000d\000\040\000p\000o\000p\000\040\000n\000o\000t\000\040\000a\000t\000o\000m\000i\000c}{chapter.5}% 333
\BOOKMARK [1][-]{section.5.115}{\376\377\000[\000[\000O\000K\000]\000]\000\040\000C\000O\000R\000R\000E\000C\000T\000\040\000-\000\040\000Q\000u\000e\000u\000e\000\040\000m\000a\000k\000e\000s\000\040\000c\000h\000e\000c\000k\000\040\000a\000n\000d\000\040\000p\000o\000p\000\040\000a\000t\000o\000m\000i\000c}{chapter.5}% 334
\BOOKMARK [2][-]{subsection.5.115.1}{\376\377\000P\000r\000a\000c\000t\000i\000c\000a\000l\000\040\000E\000x\000a\000m\000p\000l\000e\000:\000\040\000W\000o\000r\000k\000\040\000Q\000u\000e\000u\000e}{section.5.115}% 335
\BOOKMARK [1][-]{section.5.116}{\376\377\000C\000r\000e\000a\000t\000e\000\040\000w\000o\000r\000k\000e\000r\000s}{chapter.5}% 336
\BOOKMARK [1][-]{section.5.117}{\376\377\000A\000d\000d\000\040\000t\000a\000s\000k\000s}{chapter.5}% 337
\BOOKMARK [1][-]{section.5.118}{\376\377\000W\000a\000i\000t\000\040\000f\000o\000r\000\040\000a\000l\000l\000\040\000t\000a\000s\000k\000s\000\040\000t\000o\000\040\000b\000e\000\040\000p\000r\000o\000c\000e\000s\000s\000e\000d}{chapter.5}% 338
\BOOKMARK [1][-]{section.5.119}{\376\377\000S\000t\000o\000p\000\040\000w\000o\000r\000k\000e\000r\000s}{chapter.5}% 339
\BOOKMARK [2][-]{subsection.5.119.1}{\376\377\000K\000e\000y\000\040\000T\000a\000k\000e\000a\000w\000a\000y\000s}{section.5.119}% 340
\BOOKMARK [1][-]{section.5.120}{\376\377\000Q\000u\000e\000u\000e\000\040\000I\000n\000t\000e\000r\000n\000a\000l\000\040\000M\000e\000c\000h\000a\000n\000i\000c\000s\000:\000\040\000C\000o\000n\000d\000i\000t\000i\000o\000n\000\040\000V\000a\000r\000i\000a\000b\000l\000e\000s\000\040\000\046\000\040\000E\000v\000e\000n\000t\000s}{chapter.5}% 341
\BOOKMARK [2][-]{subsection.5.120.1}{\376\377\000T\000h\000e\000\040\000A\000n\000s\000w\000e\000r}{section.5.120}% 342
\BOOKMARK [2][-]{subsection.5.120.2}{\376\377\000Q\000u\000e\000u\000e\040\031\000s\000\040\000I\000n\000t\000e\000r\000n\000a\000l\000\040\000S\000t\000r\000u\000c\000t\000u\000r\000e}{section.5.120}% 343
